2023-11-16 16:03:10,953 [INFO] Activator:176 - 


2023-11-16 16:03:10,958 [INFO] Activator:177 - !SESSION log4j initialized
2023-11-16 16:03:18,562 [INFO] LogOutputStream:77 - [STDOUT_REDIRECT] 
2023-11-16 16:03:26,018 [INFO] ApplicationProperties:184 - Using Application install path: E:\Install\STM32CubeIDE_1.13.2\STM32CubeIDE\plugins\com.st.stm32cube.common.mx_6.9.2.202309101412
2023-11-16 16:03:26,060 [INFO] DbMcusXml:78 - Set database path to: E:\Install\STM32CubeIDE_1.13.2\STM32CubeIDE\plugins\com.st.stm32cube.common.mx_6.9.2.202309101412\\db\/mcu/
2023-11-16 16:03:26,060 [INFO] ApiDb:274 - Set plugin database path to: E:\Install\STM32CubeIDE_1.13.2\STM32CubeIDE\plugins\com.st.stm32cube.common.mx_6.9.2.202309101412\\db\/plugins/boardmanager/
2023-11-16 16:03:26,061 [WARN] ApiDb:259 - Overriding images path with different value:  => E:\Install\STM32CubeIDE_1.13.2\STM32CubeIDE\plugins\com.st.stm32cube.common.mx_6.9.2.202309101412\\db\/plugins/mcufinder/images/
2023-11-16 16:03:26,076 [INFO] ApiDb:250 - Set database path to: C:\Users\User\.stmcufinder\plugins\mcufinder//mcu/
2023-11-16 16:03:26,077 [INFO] DbMcusAds:125 - Set database path to: C:\Users\User\.stmcufinder\plugins\mcufinder//mcu/
2023-11-16 16:03:26,079 [INFO] CrossReferenceDbSqlite:203 - Set database path to: C:\Users\User\.stmcufinder\plugins\mcufinder//mcu/cs/
2023-11-16 16:03:26,248 [INFO] RulesReader:64 - Compatibility file has been processed (293 Rules)
2023-11-16 16:03:26,432 [INFO] DbMcusXml:78 - Set database path to: E:\Install\STM32CubeIDE_1.13.2\STM32CubeIDE\plugins\com.st.stm32cube.common.mx_6.9.2.202309101412\\db\/mcu/
2023-11-16 16:03:26,432 [INFO] ApiDb:274 - Set plugin database path to: E:\Install\STM32CubeIDE_1.13.2\STM32CubeIDE\plugins\com.st.stm32cube.common.mx_6.9.2.202309101412\\db\/plugins/boardmanager/
2023-11-16 16:03:26,432 [INFO] ApiDb:261 - Set plugin images path to: E:\Install\STM32CubeIDE_1.13.2\STM32CubeIDE\plugins\com.st.stm32cube.common.mx_6.9.2.202309101412\\db\/plugins/mcufinder/images/
2023-11-16 16:03:26,432 [WARN] DbFile:41 - Overriding database path with different value: C:\Users\User\.stmcufinder\plugins\mcufinder/ => C:\Users\User\.stmcufinder\plugins\mcufinder
2023-11-16 16:03:26,432 [INFO] ApiDb:250 - Set database path to: C:\Users\User\.stmcufinder\plugins\mcufinder//mcu/
2023-11-16 16:03:26,433 [WARN] DbFile:41 - Overriding database path with different value: C:\Users\User\.stmcufinder\plugins\mcufinder/ => C:\Users\User\.stmcufinder\plugins\mcufinder
2023-11-16 16:03:26,433 [INFO] DbMcusAds:125 - Set database path to: C:\Users\User\.stmcufinder\plugins\mcufinder//mcu/
2023-11-16 16:03:26,433 [WARN] DbFile:41 - Overriding database path with different value: C:\Users\User\.stmcufinder\plugins\mcufinder/ => C:\Users\User\.stmcufinder\plugins\mcufinder
2023-11-16 16:03:26,433 [WARN] DbFile:41 - Overriding database path with different value: C:\Users\User\.stmcufinder\plugins\mcufinder/ => C:\Users\User\.stmcufinder\plugins\mcufinder
2023-11-16 16:03:26,433 [INFO] CrossReferenceDbSqlite:203 - Set database path to: C:\Users\User\.stmcufinder\plugins\mcufinder//mcu/cs/
2023-11-16 16:03:26,571 [INFO] MainPanel:262 - HeapMemory: 268435456
2023-11-16 16:03:26,756 [INFO] DbMcusXml:78 - Set database path to: E:\Install\STM32CubeIDE_1.13.2\STM32CubeIDE\plugins\com.st.stm32cube.common.mx_6.9.2.202309101412\\db\/mcu/
2023-11-16 16:03:26,756 [INFO] ApiDb:274 - Set plugin database path to: E:\Install\STM32CubeIDE_1.13.2\STM32CubeIDE\plugins\com.st.stm32cube.common.mx_6.9.2.202309101412\\db\/plugins/boardmanager/
2023-11-16 16:03:26,757 [INFO] ApiDb:261 - Set plugin images path to: E:\Install\STM32CubeIDE_1.13.2\STM32CubeIDE\plugins\com.st.stm32cube.common.mx_6.9.2.202309101412\\db\/plugins/mcufinder/images/
2023-11-16 16:03:26,757 [WARN] DbFile:41 - Overriding database path with different value: C:\Users\User\.stmcufinder\plugins\mcufinder/ => C:\Users\User\.stmcufinder\plugins\mcufinder
2023-11-16 16:03:26,757 [INFO] ApiDb:250 - Set database path to: C:\Users\User\.stmcufinder\plugins\mcufinder//mcu/
2023-11-16 16:03:26,757 [WARN] DbFile:41 - Overriding database path with different value: C:\Users\User\.stmcufinder\plugins\mcufinder/ => C:\Users\User\.stmcufinder\plugins\mcufinder
2023-11-16 16:03:26,757 [INFO] DbMcusAds:125 - Set database path to: C:\Users\User\.stmcufinder\plugins\mcufinder//mcu/
2023-11-16 16:03:26,758 [WARN] DbFile:41 - Overriding database path with different value: C:\Users\User\.stmcufinder\plugins\mcufinder/ => C:\Users\User\.stmcufinder\plugins\mcufinder
2023-11-16 16:03:26,758 [WARN] DbFile:41 - Overriding database path with different value: C:\Users\User\.stmcufinder\plugins\mcufinder/ => C:\Users\User\.stmcufinder\plugins\mcufinder
2023-11-16 16:03:26,758 [INFO] CrossReferenceDbSqlite:203 - Set database path to: C:\Users\User\.stmcufinder\plugins\mcufinder//mcu/cs/
2023-11-16 16:03:26,777 [INFO] ApplicationProperties:184 - Using Application install path: E:\Install\STM32CubeIDE_1.13.2\STM32CubeIDE\plugins\com.st.stm32cube.common.mx_6.9.2.202309101412
2023-11-16 16:03:26,779 [INFO] PluginManage:196 - Search for loadable plugins [exclusion list=, ]
2023-11-16 16:03:26,780 [INFO] PluginManage:310 - Check plugin analytics
2023-11-16 16:03:31,557 [INFO] AnalyticsPlugin:253 - Accepted Software Licenses: 
2023-11-16 16:03:31,557 [INFO] AnalyticsPlugin:255 - Accepted CMSIS Pack Licenses: 
2023-11-16 16:03:31,557 [INFO] AnalyticsPlugin:257 - Accepted Firmware Licenses: FW.F4.1.27.0
2023-11-16 16:03:31,560 [INFO] PluginManage:359 - Loaded plugin analytics (category:tool,tabindex:-1)
2023-11-16 16:03:31,561 [INFO] PluginManage:310 - Check plugin cadmodel
2023-11-16 16:03:31,592 [INFO] CADModel:105 - Init CAD model plugin
2023-11-16 16:03:31,592 [INFO] PluginManage:359 - Loaded plugin cadmodel (category:power,tabindex:5)
2023-11-16 16:03:31,593 [INFO] PluginManage:310 - Check plugin clock
2023-11-16 16:03:31,633 [INFO] PluginManage:359 - Loaded plugin clock (category:base,tabindex:2)
2023-11-16 16:03:31,633 [INFO] PluginManage:310 - Check plugin ddr
2023-11-16 16:03:31,663 [INFO] PluginManage:359 - Loaded plugin ddr (category:tool,tabindex:6)
2023-11-16 16:03:31,663 [INFO] PluginManage:310 - Check plugin filemanager
2023-11-16 16:03:32,010 [INFO] PluginManage:359 - Loaded plugin filemanager (category:base,tabindex:10)
2023-11-16 16:03:32,010 [INFO] PluginManage:310 - Check plugin ipmanager
2023-11-16 16:03:32,080 [INFO] PluginManage:359 - Loaded plugin ipmanager (category:base,tabindex:5)
2023-11-16 16:03:32,081 [INFO] PluginManage:310 - Check plugin lpbam
2023-11-16 16:03:32,102 [INFO] PluginManage:359 - Loaded plugin lpbam (category:base,tabindex:0)
2023-11-16 16:03:32,103 [INFO] PluginManage:310 - Check plugin memorymap
2023-11-16 16:03:32,168 [INFO] PluginManage:359 - Loaded plugin memorymap (category:base,tabindex:4)
2023-11-16 16:03:32,168 [INFO] PluginManage:310 - Check plugin pinoutandconfiguration
2023-11-16 16:03:32,193 [INFO] PluginManage:359 - Loaded plugin pinoutandconfiguration (category:base,tabindex:1)
2023-11-16 16:03:32,193 [INFO] PluginManage:310 - Check plugin pinoutconfig
2023-11-16 16:03:32,327 [WARN] SupportedApi:132 - Cannot load RTOS API schema: s4s-elt-must-match.1: The content of 'definitions' must match (annotation?, (simpleType | complexType)?, (unique | key | keyref)*)). A problem was found starting at: attribute.
2023-11-16 16:03:32,456 [INFO] PluginManage:359 - Loaded plugin pinoutconfig (category:base,tabindex:0)
2023-11-16 16:03:32,456 [INFO] PluginManage:310 - Check plugin power
2023-11-16 16:03:32,482 [INFO] PluginManage:359 - Loaded plugin power (category:power,tabindex:4)
2023-11-16 16:03:32,483 [INFO] PluginManage:310 - Check plugin projectmanager
2023-11-16 16:03:32,500 [INFO] PluginManage:359 - Loaded plugin projectmanager (category:projectmanager,tabindex:3)
2023-11-16 16:03:32,501 [INFO] PluginManage:310 - Check plugin thirdparty
2023-11-16 16:03:32,743 [WARN] IntegrityCheckThread:84 - waiting for thirdparty lock release [integrity check]
2023-11-16 16:03:32,743 [INFO] PluginManage:359 - Loaded plugin thirdparty (category:base,tabindex:-1)
2023-11-16 16:03:32,743 [INFO] IntegrityCheckThread:86 - entering critical section [integrity check]
2023-11-16 16:03:32,743 [INFO] PluginManage:310 - Check plugin tools
2023-11-16 16:03:32,744 [INFO] ThirdPartyUpdaterWithRetryManager:70 - Updater plugin not ready yet. [1/15]
2023-11-16 16:03:32,748 [INFO] PluginManage:359 - Loaded plugin tools (category:base,tabindex:7)
2023-11-16 16:03:32,748 [INFO] PluginManage:310 - Check plugin tutovideos
2023-11-16 16:03:32,968 [INFO] PluginManage:359 - Loaded plugin tutovideos (category:base,tabindex:-1)
2023-11-16 16:03:32,968 [INFO] PluginManage:310 - Check plugin updater
2023-11-16 16:03:32,993 [INFO] PluginManage:359 - Loaded plugin updater (category:base,tabindex:12)
2023-11-16 16:03:32,993 [INFO] PluginManage:310 - Check plugin userauth
2023-11-16 16:03:33,020 [INFO] UserAuth:113 - Init User Auth plugin
2023-11-16 16:03:33,020 [INFO] PluginManage:359 - Loaded plugin userauth (category:base,tabindex:14)
2023-11-16 16:03:33,020 [INFO] PluginManage:283 - PluginManage : Loaded plugins [17]
2023-11-16 16:03:33,479 [INFO] PinOutPanel:1499 - setPackage(No Configuration,No Configuration)
2023-11-16 16:03:33,705 [INFO] CADModel:165 - CPN selected for project level
2023-11-16 16:03:33,705 [INFO] CADModel:114 - Register for checkConnection events
2023-11-16 16:03:33,751 [INFO] IPUIPlugin:80 - create IPUIPlugin
2023-11-16 16:03:33,751 [INFO] PluginManager:220 - loadIPPluginJar : add adc
2023-11-16 16:03:33,765 [INFO] IPUIPlugin:80 - create IPUIPlugin
2023-11-16 16:03:33,765 [INFO] PluginManager:220 - loadIPPluginJar : add aes
2023-11-16 16:03:33,814 [INFO] IPUIPlugin:80 - create IPUIPlugin
2023-11-16 16:03:33,814 [INFO] PluginManager:220 - loadIPPluginJar : add can
2023-11-16 16:03:33,819 [INFO] IPUIPlugin:80 - create IPUIPlugin
2023-11-16 16:03:33,820 [INFO] PluginManager:220 - loadIPPluginJar : add comp
2023-11-16 16:03:33,823 [INFO] IPUIPlugin:80 - create IPUIPlugin
2023-11-16 16:03:33,824 [INFO] PluginManager:220 - loadIPPluginJar : add cryp
2023-11-16 16:03:33,827 [INFO] IPUIPlugin:80 - create IPUIPlugin
2023-11-16 16:03:33,827 [INFO] PluginManager:220 - loadIPPluginJar : add dfsdm
2023-11-16 16:03:33,847 [INFO] IPUIPlugin:80 - create IPUIPlugin
2023-11-16 16:03:33,847 [INFO] PluginManager:220 - loadIPPluginJar : add dma
2023-11-16 16:03:33,850 [INFO] IPUIPlugin:80 - create IPUIPlugin
2023-11-16 16:03:33,850 [INFO] PluginManager:220 - loadIPPluginJar : add dma3
2023-11-16 16:03:33,852 [INFO] IPUIPlugin:80 - create IPUIPlugin
2023-11-16 16:03:33,852 [INFO] PluginManager:220 - loadIPPluginJar : add fatfs
2023-11-16 16:03:33,870 [INFO] IPUIPlugin:80 - create IPUIPlugin
2023-11-16 16:03:33,870 [INFO] PluginManager:220 - loadIPPluginJar : add fmc
2023-11-16 16:03:33,893 [INFO] IPUIPlugin:80 - create IPUIPlugin
2023-11-16 16:03:33,893 [INFO] PluginManager:220 - loadIPPluginJar : add freertos
2023-11-16 16:03:33,895 [INFO] IPUIPlugin:80 - create IPUIPlugin
2023-11-16 16:03:33,895 [INFO] PluginManager:220 - loadIPPluginJar : add genericplugin
2023-11-16 16:03:33,910 [INFO] IPUIPlugin:80 - create IPUIPlugin
2023-11-16 16:03:33,911 [INFO] PluginManager:220 - loadIPPluginJar : add gfxmmu
2023-11-16 16:03:33,915 [INFO] IPUIPlugin:80 - create IPUIPlugin
2023-11-16 16:03:33,915 [INFO] PluginManager:220 - loadIPPluginJar : add gic
2023-11-16 16:03:33,929 [INFO] IPUIPlugin:80 - create IPUIPlugin
2023-11-16 16:03:33,929 [INFO] PluginManager:220 - loadIPPluginJar : add gpio
2023-11-16 16:03:33,934 [INFO] IPUIPlugin:80 - create IPUIPlugin
2023-11-16 16:03:33,934 [INFO] PluginManager:220 - loadIPPluginJar : add gtzc
2023-11-16 16:03:33,936 [INFO] IPUIPlugin:80 - create IPUIPlugin
2023-11-16 16:03:33,936 [INFO] PluginManager:220 - loadIPPluginJar : add hash
2023-11-16 16:03:33,948 [INFO] IPUIPlugin:80 - create IPUIPlugin
2023-11-16 16:03:33,948 [INFO] PluginManager:220 - loadIPPluginJar : add i2c
2023-11-16 16:03:33,951 [INFO] IPUIPlugin:80 - create IPUIPlugin
2023-11-16 16:03:33,952 [INFO] PluginManager:220 - loadIPPluginJar : add i2s
2023-11-16 16:03:33,954 [INFO] IPUIPlugin:80 - create IPUIPlugin
2023-11-16 16:03:33,954 [INFO] PluginManager:220 - loadIPPluginJar : add i3c
2023-11-16 16:03:33,957 [INFO] IPUIPlugin:80 - create IPUIPlugin
2023-11-16 16:03:33,957 [INFO] PluginManager:220 - loadIPPluginJar : add ipddr
2023-11-16 16:03:33,969 [INFO] IPUIPlugin:80 - create IPUIPlugin
2023-11-16 16:03:33,969 [INFO] PluginManager:220 - loadIPPluginJar : add linkedlist
2023-11-16 16:03:33,971 [INFO] IPUIPlugin:80 - create IPUIPlugin
2023-11-16 16:03:33,971 [INFO] PluginManager:220 - loadIPPluginJar : add lorawan
2023-11-16 16:03:33,977 [INFO] IPUIPlugin:80 - create IPUIPlugin
2023-11-16 16:03:33,977 [INFO] PluginManager:220 - loadIPPluginJar : add ltdc
2023-11-16 16:03:34,012 [INFO] IPUIPlugin:80 - create IPUIPlugin
2023-11-16 16:03:34,012 [INFO] PluginManager:220 - loadIPPluginJar : add mdma
2023-11-16 16:03:34,028 [INFO] IPUIPlugin:80 - create IPUIPlugin
2023-11-16 16:03:34,029 [INFO] PluginManager:220 - loadIPPluginJar : add nvic
2023-11-16 16:03:34,043 [INFO] IPUIPlugin:80 - create IPUIPlugin
2023-11-16 16:03:34,043 [INFO] PluginManager:220 - loadIPPluginJar : add opamp
2023-11-16 16:03:34,045 [INFO] IPUIPlugin:80 - create IPUIPlugin
2023-11-16 16:03:34,046 [INFO] PluginManager:220 - loadIPPluginJar : add openamp
2023-11-16 16:03:34,048 [INFO] IPUIPlugin:80 - create IPUIPlugin
2023-11-16 16:03:34,048 [INFO] PluginManager:220 - loadIPPluginJar : add pdm2pcm
2023-11-16 16:03:34,063 [INFO] IPUIPlugin:80 - create IPUIPlugin
2023-11-16 16:03:34,065 [INFO] PluginManager:220 - loadIPPluginJar : add plateformsettings
2023-11-16 16:03:34,082 [INFO] IPUIPlugin:80 - create IPUIPlugin
2023-11-16 16:03:34,082 [INFO] PluginManager:220 - loadIPPluginJar : add quadspi
2023-11-16 16:03:34,107 [INFO] IPUIPlugin:80 - create IPUIPlugin
2023-11-16 16:03:34,107 [INFO] PluginManager:220 - loadIPPluginJar : add resmgrutility
2023-11-16 16:03:34,113 [INFO] IPUIPlugin:80 - create IPUIPlugin
2023-11-16 16:03:34,113 [INFO] PluginManager:220 - loadIPPluginJar : add sai
2023-11-16 16:03:34,115 [INFO] IPUIPlugin:80 - create IPUIPlugin
2023-11-16 16:03:34,115 [INFO] PluginManager:220 - loadIPPluginJar : add spi
2023-11-16 16:03:34,121 [INFO] IPUIPlugin:80 - create IPUIPlugin
2023-11-16 16:03:34,122 [INFO] PluginManager:220 - loadIPPluginJar : add stm32_wpan
2023-11-16 16:03:34,123 [INFO] IPUIPlugin:80 - create IPUIPlugin
2023-11-16 16:03:34,123 [INFO] PluginManager:220 - loadIPPluginJar : add tim
2023-11-16 16:03:34,125 [INFO] IPUIPlugin:80 - create IPUIPlugin
2023-11-16 16:03:34,126 [INFO] PluginManager:220 - loadIPPluginJar : add touchsensing
2023-11-16 16:03:34,127 [INFO] IPUIPlugin:80 - create IPUIPlugin
2023-11-16 16:03:34,127 [INFO] PluginManager:220 - loadIPPluginJar : add tracer_emb
2023-11-16 16:03:34,129 [INFO] IPUIPlugin:80 - create IPUIPlugin
2023-11-16 16:03:34,129 [INFO] PluginManager:220 - loadIPPluginJar : add ts
2023-11-16 16:03:34,130 [INFO] IPUIPlugin:80 - create IPUIPlugin
2023-11-16 16:03:34,130 [INFO] PluginManager:220 - loadIPPluginJar : add tsc
2023-11-16 16:03:34,131 [INFO] IPUIPlugin:80 - create IPUIPlugin
2023-11-16 16:03:34,131 [INFO] PluginManager:220 - loadIPPluginJar : add ucpd
2023-11-16 16:03:34,133 [INFO] IPUIPlugin:80 - create IPUIPlugin
2023-11-16 16:03:34,133 [INFO] PluginManager:220 - loadIPPluginJar : add usart
2023-11-16 16:03:34,135 [INFO] IPUIPlugin:80 - create IPUIPlugin
2023-11-16 16:03:34,136 [INFO] PluginManager:220 - loadIPPluginJar : add usbx
2023-11-16 16:03:34,260 [INFO] CADModel:165 - CPN selected for project level
2023-11-16 16:03:34,260 [INFO] CADModel:114 - Register for checkConnection events
2023-11-16 16:03:34,261 [FATAL] Updater:308 - Updater called before beeing initialized
2023-11-16 16:03:34,261 [ERROR] CADModel:125 - Updater not yet initialized, retry later 
2023-11-16 16:03:34,540 [INFO] CADModel:165 - CPN selected for project level
2023-11-16 16:03:34,540 [INFO] CADModel:114 - Register for checkConnection events
2023-11-16 16:03:34,540 [FATAL] Updater:308 - Updater called before beeing initialized
2023-11-16 16:03:34,540 [ERROR] CADModel:125 - Updater not yet initialized, retry later 
2023-11-16 16:03:34,543 [FATAL] Updater:308 - Updater called before beeing initialized
2023-11-16 16:03:34,651 [FATAL] Updater:308 - Updater called before beeing initialized
2023-11-16 16:03:34,655 [INFO] DbMcusAds:53 - JSON generation date=Tue Mar 07 10:50:55 EET 2023 (1678179055335)
2023-11-16 16:03:34,656 [FATAL] Updater:308 - Updater called before beeing initialized
2023-11-16 16:03:34,727 [WARN] DetailPanel:346 - Failed to get advertising image, set to default
2023-11-16 16:03:34,818 [FATAL] Updater:308 - Updater called before beeing initialized
2023-11-16 16:03:34,820 [FATAL] Updater:308 - Updater called before beeing initialized
2023-11-16 16:03:34,820 [FATAL] Updater:308 - Updater called before beeing initialized
2023-11-16 16:03:34,820 [WARN] DetailPanel:346 - Failed to get advertising image, set to default
2023-11-16 16:03:34,821 [FATAL] Updater:308 - Updater called before beeing initialized
2023-11-16 16:03:34,931 [ERROR] Updater:1120 - MainUpdater not yet initialized. External WinMGr cannot be set.
2023-11-16 16:03:34,955 [INFO] Updater:1056 - Updater Version found : 6.9.2
2023-11-16 16:03:34,992 [INFO] ApplicationProperties:184 - Using Application install path: E:\Install\STM32CubeIDE_1.13.2\STM32CubeIDE\plugins\com.st.stm32cube.common.mx_6.9.2.202309101412
2023-11-16 16:03:35,331 [INFO] MainUpdater:2868 - connection check result : 10
2023-11-16 16:03:35,331 [INFO] MainUpdater:3562 - Updater definition file requires update
2023-11-16 16:03:35,332 [INFO] MainUpdater:285 - Updater Check For Update Now.
2023-11-16 16:03:35,333 [INFO] MicroXplorer:498 - Change Database Version : DB.6.0.92
2023-11-16 16:03:35,340 [INFO] McuFinderGlobals:63 - Set McuFinder mode to 2 (CubeIDE integrated)
2023-11-16 16:03:35,340 [INFO] UserAuth:179 - activating auth plugin
2023-11-16 16:03:35,344 [INFO] ServerAccessManage:473 - Download File updaters.zip
2023-11-16 16:03:35,354 [INFO] UserAuth:393 - Internet connection configuration mode: 1
2023-11-16 16:03:35,415 [INFO] FileExtend:240 - Unzip File : updaters.zip
2023-11-16 16:03:35,415 [INFO] FileExtend:255 - Standard Zip Deflate
2023-11-16 16:03:35,425 [INFO] JxBrowserEngine:151 - Initiate JxBrowser Engine with user profile folder
2023-11-16 16:03:35,665 [INFO] ServerAccessManage:473 - Download File PacksControlFlags.xml
2023-11-16 16:03:35,699 [INFO] ServerAccessManage:473 - Download File cubemx.pidx
2023-11-16 16:03:35,745 [WARN] MainUpdater:1189 - Updater busy. Cannot search thirdparties
2023-11-16 16:03:35,745 [INFO] ThirdPartyUpdaterWithRetryManager:96 - Updater plugin is busy. [1/15]
2023-11-16 16:03:35,984 [INFO] ServerAccessManage:473 - Download File STMicroelectronics.FP-SNS-MOTENVWB1.pdsc
2023-11-16 16:03:36,778 [INFO] WebApp:157 - Instantiating new browser for Auth
2023-11-16 16:03:37,158 [ERROR] ServerAccessManage:1096 - Problem, Http access forbiden
2023-11-16 16:03:37,158 [ERROR] ServerAccessManage:651 - Problem, Http access forbiden : RoweBots.I-CUBE-UNISONRTOS.pdsc.
2023-11-16 16:03:37,297 [ERROR] ServerAccessManage:1172 - Problem during Server Connection :  IO error PKIX path building failed: sun.security.provider.certpath.SunCertPathBuilderException: unable to find valid certification path to requested target
2023-11-16 16:03:37,297 [ERROR] ServerAccessManage:651 - Problem during Server Connection :  : SEGGER.I-CUBE-embOS.pdsc.
2023-11-16 16:03:37,310 [INFO] WebApp:753 - Register for checkConnection events
2023-11-16 16:03:37,310 [INFO] WebApp:390 - Apply proxy settings
2023-11-16 16:03:37,310 [INFO] WebApp:475 - Chromium requires no authentication
2023-11-16 16:03:37,318 [INFO] WebApp:418 - Direct internet connection detected
2023-11-16 16:03:37,458 [WARN] PackLoader:240 - Cannot read IP mode file for STMicroelectronics.FP-SNS-MOTENVWB1.1.3.0
2023-11-16 16:03:37,461 [INFO] PopulateThirdPartyThread:66 - Ending populate Thread
2023-11-16 16:03:37,463 [INFO] ThirdParty:1030 - CMSIS Pack Vendor :STMicroelectronics FP-SNS-MOTENVWB1 1.3.0
2023-11-16 16:03:37,464 [INFO] LoadServerUpdatesThread:373 - End of LoadServerUpdate Thread
2023-11-16 16:03:37,567 [INFO] CheckServerUpdateThread:120 - End of CheckServer Thread
2023-11-16 16:03:37,602 [INFO] WebApp:188 - Starting web application
2023-11-16 16:03:37,603 [INFO] WebApp:520 - Web application path used E:\Install\STM32CubeIDE_1.13.2\STM32CubeIDE\plugins\com.st.stm32cube.common.mx_6.9.2.202309101412\db\plugins\mcufinder\reactClient1\index.html
2023-11-16 16:03:38,909 [WARN] PackLoader:240 - Cannot read IP mode file for STMicroelectronics.X-CUBE-SMBUS.2.1.0
2023-11-16 16:03:38,934 [WARN] PackLoader:240 - Cannot read IP mode file for STMicroelectronics.X-CUBE-AZRTOS-F7.1.1.0
2023-11-16 16:03:38,945 [WARN] PackLoader:240 - Cannot read IP mode file for STMicroelectronics.FP-SNS-MOTENV1.4.3.2
2023-11-16 16:03:38,951 [WARN] PackLoader:240 - Cannot read IP mode file for STMicroelectronics.FP-SNS-FLIGHT1.5.0.2
2023-11-16 16:03:38,959 [WARN] PackLoader:240 - Cannot read IP mode file for STMicroelectronics.X-CUBE-DISPLAY.3.0.0
2023-11-16 16:03:38,970 [WARN] PackLoader:240 - Cannot read IP mode file for STMicroelectronics.X-CUBE-BLE1.7.0.0
2023-11-16 16:03:38,976 [WARN] PackLoader:240 - Cannot read IP mode file for emotas.I-CUBE-CANOPEN.1.3.0
2023-11-16 16:03:38,980 [WARN] PackLoader:240 - Cannot read IP mode file for STMicroelectronics.X-CUBE-TOUCHGFX.4.22.1
2023-11-16 16:03:38,984 [WARN] PackLoader:240 - Cannot read IP mode file for STMicroelectronics.FP-SNS-SMARTAG2.1.2.0
2023-11-16 16:03:38,994 [INFO] LogOutputStream:77 - [STDOUT_REDIRECT] 1 : Invalid condition id : UX_CORESTACK_Condition cause : null
2023-11-16 16:03:38,995 [INFO] LogOutputStream:77 - [STDOUT_REDIRECT] 1 : Invalid condition id : UX_CORESTACK_Condition cause : null
2023-11-16 16:03:38,996 [INFO] LogOutputStream:77 - [STDOUT_REDIRECT] 1 : Invalid condition id : UX_CORESTACK_Condition cause : null
2023-11-16 16:03:38,998 [INFO] LogOutputStream:77 - [STDOUT_REDIRECT] 1 : Invalid condition id : UX_CORESTACK_Condition cause : null
2023-11-16 16:03:39,000 [INFO] LogOutputStream:77 - [STDOUT_REDIRECT] 1 : Invalid condition id : UX_CORESTACK_Condition cause : null
2023-11-16 16:03:39,006 [WARN] PackLoader:240 - Cannot read IP mode file for STMicroelectronics.X-CUBE-AZRTOS-WL.2.0.0
2023-11-16 16:03:39,015 [WARN] PackLoader:240 - Cannot read IP mode file for WES.I-CUBE-Cesium.1.3.0
2023-11-16 16:03:39,020 [WARN] PackLoader:240 - Cannot read IP mode file for STMicroelectronics.X-CUBE-BLE2.3.3.0
2023-11-16 16:03:39,026 [WARN] PackLoader:240 - Cannot read IP mode file for STMicroelectronics.X-CUBE-ALGOBUILD.1.3.0
2023-11-16 16:03:39,042 [WARN] PackLoader:240 - Cannot read IP mode file for STMicroelectronics.X-CUBE-AZRTOS-G0.1.1.0
2023-11-16 16:03:39,050 [WARN] PackLoader:240 - Cannot read IP mode file for STMicroelectronics.X-CUBE-NFC4.3.0.0
2023-11-16 16:03:39,061 [WARN] PackLoader:240 - Cannot read IP mode file for STMicroelectronics.X-CUBE-BLEMGR.3.0.0
2023-11-16 16:03:39,067 [WARN] PackLoader:240 - Cannot read IP mode file for STMicroelectronics.FP-ATR-SIGFOX1.3.2.0
2023-11-16 16:03:39,073 [WARN] PackLoader:240 - Cannot read IP mode file for STMicroelectronics.X-CUBE-GNSS1.6.0.0
2023-11-16 16:03:39,091 [WARN] PackLoader:240 - Cannot read IP mode file for STMicroelectronics.X-CUBE-AZRTOS-F4.1.1.0
2023-11-16 16:03:39,098 [WARN] PackLoader:240 - Cannot read IP mode file for wolfSSL.I-CUBE-wolfSSL.5.6.4
2023-11-16 16:03:39,116 [WARN] PackLoader:240 - Cannot read IP mode file for STMicroelectronics.X-CUBE-AZRTOS-L5.2.0.0
2023-11-16 16:03:39,125 [WARN] PackLoader:240 - Cannot read IP mode file for STMicroelectronics.X-CUBE-EEPRMA1.4.2.0
2023-11-16 16:03:39,131 [WARN] PackLoader:240 - Cannot read IP mode file for ITTIA_DB.I-CUBE-ITTIADB.8.8.0
2023-11-16 16:03:39,148 [WARN] ConditionMgr:438 - getConditionDescription Invalid condition id : UX DEVICE CLASS RTOS Condition cause : null
2023-11-16 16:03:39,148 [WARN] ConditionMgr:438 - getConditionDescription Invalid condition id : UX DEVICE CLASS RTOS Condition cause : null
2023-11-16 16:03:39,152 [WARN] PackLoader:240 - Cannot read IP mode file for STMicroelectronics.X-CUBE-AZRTOS-H7.3.1.0
2023-11-16 16:03:39,153 [WARN] ConditionMgr:1039 - genDependencies : Invalid condition id : UX DEVICE CLASS RTOS Condition cause : null
2023-11-16 16:03:39,153 [WARN] ConditionMgr:1039 - genDependencies : Invalid condition id : UX DEVICE CLASS RTOS Condition cause : null
2023-11-16 16:03:39,154 [WARN] ConditionMgr:1039 - genDependencies : Invalid condition id : UX DEVICE CLASS RTOS Condition cause : null
2023-11-16 16:03:39,154 [WARN] ConditionMgr:1039 - genDependencies : Invalid condition id : UX DEVICE CLASS RTOS Condition cause : null
2023-11-16 16:03:39,154 [WARN] ConditionMgr:1039 - genDependencies : Invalid condition id : UX DEVICE CLASS RTOS Condition cause : null
2023-11-16 16:03:39,161 [WARN] PackLoader:240 - Cannot read IP mode file for STMicroelectronics.X-CUBE-NFC7.1.0.1
2023-11-16 16:03:39,169 [WARN] PackLoader:240 - Cannot read IP mode file for STMicroelectronics.X-CUBE-NFC6.3.0.0
2023-11-16 16:03:39,176 [WARN] PackLoader:240 - Cannot read IP mode file for STMicroelectronics.X-CUBE-AI.8.1.0
2023-11-16 16:03:39,193 [WARN] ConditionMgr:438 - getConditionDescription Invalid condition id : LAN8742 Phy interface Condition cause : null
2023-11-16 16:03:39,194 [WARN] PackLoader:240 - Cannot read IP mode file for STMicroelectronics.X-CUBE-AZRTOS-L4.2.0.0
2023-11-16 16:03:39,195 [WARN] ConditionMgr:1039 - genDependencies : Invalid condition id : LAN8742 Phy interface Condition cause : null
2023-11-16 16:03:39,195 [WARN] ConditionMgr:1039 - genDependencies : Invalid condition id : LAN8742 Phy interface Condition cause : null
2023-11-16 16:03:39,196 [WARN] ConditionMgr:1039 - genDependencies : Invalid condition id : LAN8742 Phy interface Condition cause : null
2023-11-16 16:03:39,205 [WARN] PackLoader:240 - Cannot read IP mode file for STMicroelectronics.X-CUBE-SFXS2LP1.4.0.0
2023-11-16 16:03:39,211 [WARN] PackLoader:240 - Cannot read IP mode file for STMicroelectronics.X-CUBE-ISPU.1.1.0
2023-11-16 16:03:39,224 [WARN] ConditionMgr:438 - getConditionDescription Invalid condition id : UX DEVICE CLASS RTOS Condition cause : null
2023-11-16 16:03:39,225 [WARN] ConditionMgr:438 - getConditionDescription Invalid condition id : UX DEVICE CLASS RTOS Condition cause : null
2023-11-16 16:03:39,227 [WARN] PackLoader:240 - Cannot read IP mode file for STMicroelectronics.X-CUBE-AZRTOS-WB.2.0.0
2023-11-16 16:03:39,228 [WARN] ConditionMgr:1039 - genDependencies : Invalid condition id : UX DEVICE CLASS RTOS Condition cause : null
2023-11-16 16:03:39,228 [WARN] ConditionMgr:1039 - genDependencies : Invalid condition id : UX DEVICE CLASS RTOS Condition cause : null
2023-11-16 16:03:39,229 [WARN] ConditionMgr:1039 - genDependencies : Invalid condition id : UX DEVICE CLASS RTOS Condition cause : null
2023-11-16 16:03:39,229 [WARN] ConditionMgr:1039 - genDependencies : Invalid condition id : UX DEVICE CLASS RTOS Condition cause : null
2023-11-16 16:03:39,229 [WARN] ConditionMgr:1039 - genDependencies : Invalid condition id : UX DEVICE CLASS RTOS Condition cause : null
2023-11-16 16:03:39,241 [WARN] PackLoader:240 - Cannot read IP mode file for STMicroelectronics.X-CUBE-SUBG2.5.0.0
2023-11-16 16:03:39,257 [WARN] PackLoader:240 - Cannot read IP mode file for STMicroelectronics.X-CUBE-TOF1.3.3.1
2023-11-16 16:03:39,281 [WARN] PackLoader:240 - Cannot read IP mode file for STMicroelectronics.X-CUBE-AZRTOS-G4.2.0.0
2023-11-16 16:03:39,296 [WARN] PackLoader:240 - Cannot read IP mode file for Infineon.AIROC-Wi-Fi-Bluetooth-STM32.1.5.1
2023-11-16 16:03:39,304 [WARN] PackLoader:240 - Cannot read IP mode file for STMicroelectronics.FP-SNS-MOTENVWB1.1.3.0
2023-11-16 16:03:39,341 [WARN] PackLoader:240 - Cannot read IP mode file for STMicroelectronics.X-CUBE-MEMS1.10.0.0
2023-11-16 16:03:39,470 [WARN] PackLoader:240 - Cannot read IP mode file for STMicroelectronics.X-CUBE-FREERTOS.1.1.0
2023-11-16 16:03:39,476 [WARN] PackLoader:240 - Cannot read IP mode file for portGmbH.I-Cube-SoM-uGOAL.1.1.0
2023-11-16 16:03:39,483 [WARN] PackLoader:240 - Cannot read IP mode file for STMicroelectronics.X-CUBE-ALS.1.0.1
2023-11-16 16:03:39,487 [WARN] PackLoader:240 - Cannot read IP mode file for STMicroelectronics.FP-ATR-ASTRA1.2.0.0
2023-11-16 16:03:39,488 [INFO] ThirdParty:978 - Integrity check success = true
2023-11-16 16:03:39,488 [INFO] IntegrityCheckThread:100 - exiting critical section [integrity check]
2023-11-16 16:03:39,488 [INFO] IntegrityCheckThread:103 - End integrity checks thread
2023-11-16 16:03:58,331 [ERROR] LogOutputStream:75 - [STDERR_REDIRECT] SLF4J: Failed to load class "org.slf4j.impl.StaticLoggerBinder".
2023-11-16 16:03:58,332 [ERROR] LogOutputStream:75 - [STDERR_REDIRECT] SLF4J: Defaulting to no-operation (NOP) logger implementation
2023-11-16 16:03:58,333 [ERROR] LogOutputStream:75 - [STDERR_REDIRECT] SLF4J: See http://www.slf4j.org/codes.html#StaticLoggerBinder for further details.
2023-11-16 16:04:11,445 [INFO] McuFinderGlobals:63 - Set McuFinder mode to 2 (CubeIDE integrated)
2023-11-16 16:04:11,459 [INFO] MainUpdater:2868 - connection check result : 10
2023-11-16 16:04:11,467 [INFO] MainUpdater:2868 - connection check result : 10
2023-11-16 16:04:11,619 [INFO] MicroXplorer:468 - Change Database Path : 
2023-11-16 16:04:11,619 [INFO] MicroXplorer:498 - Change Database Version : DB.6.0.92
2023-11-16 16:04:11,623 [WARN] ThirdParty:871 - waiting for thirdparty lock release [close project]
2023-11-16 16:04:11,624 [INFO] ThirdParty:873 - entering critical section [close project]
2023-11-16 16:04:11,624 [INFO] ThirdParty:883 - exiting critical section [close project]
2023-11-16 16:04:11,626 [INFO] PinOutPanel:1499 - setPackage(No Configuration,No Configuration)
2023-11-16 16:04:11,631 [INFO] UtilMem:75 - Begin LoadConfig() Used Memory: 264102168 Bytes (608174080)
2023-11-16 16:04:11,632 [INFO] MicroXplorer:468 - Change Database Path : 
2023-11-16 16:04:11,632 [INFO] MicroXplorer:498 - Change Database Version : DB.6.0.92
2023-11-16 16:04:11,632 [INFO] OpenFileManager:308 - Change cursor
2023-11-16 16:04:11,724 [INFO] Mcu:1946 - Initializing MCU STM32F411V(C-E)Tx STM32F411VETx STM32F411VET6
2023-11-16 16:04:13,196 [INFO] Context:659 - Trying to add GPIOservice into a context  which must be forbidden
2023-11-16 16:04:13,753 [INFO] RtosManager:555 - Registered RTOS mode: class=CMSIS, group=RTOS, mode=CMSIS_V1, owner=FREERTOS
2023-11-16 16:04:13,753 [INFO] RtosManager:555 - Registered RTOS mode: class=CMSIS, group=RTOS2, mode=CMSIS_V2, owner=FREERTOS
2023-11-16 16:04:13,753 [INFO] RtosManager:555 - Registered RTOS mode: class=RTOS, group=Core, mode=CMSIS_V1, owner=FREERTOS
2023-11-16 16:04:13,753 [INFO] RtosManager:555 - Registered RTOS mode: class=RTOS, group=Core, mode=CMSIS_V2, owner=FREERTOS
2023-11-16 16:04:13,754 [WARN] ModelIntegratedComponent:184 - Missing modes for component STMicroelectronics:FreeRTOS:0.0.1:STMicroelectronics:RTOS:FreeRTOS:Core:::10.2.0:
2023-11-16 16:04:13,761 [WARN] ModelIntegratedComponent:182 - Modes not found for component STMicroelectronics:USB_HOST:1.0.0:STMicroelectronics:USB::USB Host:Audio HS::1.0:USB_HOST_1_0_RESTRICTED_HS
2023-11-16 16:04:13,761 [WARN] ModelIntegratedComponent:188 - Modes not found for component STMicroelectronics:USB_HOST:1.0.0:STMicroelectronics:USB::USB Host:Audio HS::1.0:USB_HOST_1_0_RESTRICTED_HS
2023-11-16 16:04:13,761 [WARN] ModelIntegratedComponent:182 - Modes not found for component STMicroelectronics:USB_HOST:1.0.0:STMicroelectronics:USB::USB Host:CDC HS::1.0:USB_HOST_1_0_RESTRICTED_HS
2023-11-16 16:04:13,761 [WARN] ModelIntegratedComponent:188 - Modes not found for component STMicroelectronics:USB_HOST:1.0.0:STMicroelectronics:USB::USB Host:CDC HS::1.0:USB_HOST_1_0_RESTRICTED_HS
2023-11-16 16:04:13,761 [WARN] ModelIntegratedComponent:182 - Modes not found for component STMicroelectronics:USB_HOST:1.0.0:STMicroelectronics:USB::USB Host:MSC HS::1.0:USB_HOST_1_0_RESTRICTED_HS
2023-11-16 16:04:13,761 [WARN] ModelIntegratedComponent:188 - Modes not found for component STMicroelectronics:USB_HOST:1.0.0:STMicroelectronics:USB::USB Host:MSC HS::1.0:USB_HOST_1_0_RESTRICTED_HS
2023-11-16 16:04:13,761 [WARN] ModelIntegratedComponent:182 - Modes not found for component STMicroelectronics:USB_HOST:1.0.0:STMicroelectronics:USB::USB Host:HID HS::1.0:USB_HOST_1_0_RESTRICTED_HS
2023-11-16 16:04:13,761 [WARN] ModelIntegratedComponent:188 - Modes not found for component STMicroelectronics:USB_HOST:1.0.0:STMicroelectronics:USB::USB Host:HID HS::1.0:USB_HOST_1_0_RESTRICTED_HS
2023-11-16 16:04:13,761 [WARN] ModelIntegratedComponent:182 - Modes not found for component STMicroelectronics:USB_HOST:1.0.0:STMicroelectronics:USB::USB Host:MTP HS::1.0:USB_HOST_1_0_RESTRICTED_HS
2023-11-16 16:04:13,761 [WARN] ModelIntegratedComponent:188 - Modes not found for component STMicroelectronics:USB_HOST:1.0.0:STMicroelectronics:USB::USB Host:MTP HS::1.0:USB_HOST_1_0_RESTRICTED_HS
2023-11-16 16:04:13,776 [WARN] ModelIntegratedComponent:63 - No mode defined for component null
2023-11-16 16:04:13,776 [WARN] ModelIntegratedComponent:63 - No mode defined for component null
2023-11-16 16:04:13,776 [WARN] ModelIntegratedComponent:63 - No mode defined for component null
2023-11-16 16:04:13,776 [WARN] ModelIntegratedComponent:63 - No mode defined for component null
2023-11-16 16:04:13,776 [WARN] ModelIntegratedComponent:63 - No mode defined for component null
2023-11-16 16:04:13,776 [WARN] ModelIntegratedComponent:63 - No mode defined for component null
2023-11-16 16:04:13,776 [WARN] ModelIntegratedComponent:63 - No mode defined for component null
2023-11-16 16:04:13,776 [WARN] ModelIntegratedComponent:63 - No mode defined for component null
2023-11-16 16:04:13,776 [WARN] ModelIntegratedComponent:63 - No mode defined for component null
2023-11-16 16:04:13,777 [WARN] ModelIntegratedComponent:63 - No mode defined for component null
2023-11-16 16:04:13,777 [WARN] ModelIntegratedComponent:63 - No mode defined for component null
2023-11-16 16:04:13,777 [WARN] ModelIntegratedComponent:63 - No mode defined for component null
2023-11-16 16:04:13,777 [WARN] ModelIntegratedComponent:63 - No mode defined for component null
2023-11-16 16:04:13,777 [WARN] ModelIntegratedComponent:63 - No mode defined for component null
2023-11-16 16:04:13,777 [WARN] ModelIntegratedComponent:63 - No mode defined for component null
2023-11-16 16:04:13,777 [WARN] ModelIntegratedComponent:63 - No mode defined for component null
2023-11-16 16:04:13,777 [WARN] ModelIntegratedComponent:63 - No mode defined for component null
2023-11-16 16:04:13,777 [WARN] ModelIntegratedComponent:63 - No mode defined for component null
2023-11-16 16:04:13,777 [WARN] ModelIntegratedComponent:63 - No mode defined for component null
2023-11-16 16:04:13,777 [WARN] ModelIntegratedComponent:63 - No mode defined for component null
2023-11-16 16:04:13,777 [WARN] ModelIntegratedComponent:63 - No mode defined for component null
2023-11-16 16:04:13,777 [WARN] ModelIntegratedComponent:63 - No mode defined for component null
2023-11-16 16:04:13,778 [WARN] ModelIntegratedComponent:63 - No mode defined for component null
2023-11-16 16:04:13,778 [WARN] ModelIntegratedComponent:63 - No mode defined for component null
2023-11-16 16:04:13,778 [WARN] ModelIntegratedComponent:63 - No mode defined for component null
2023-11-16 16:04:13,778 [WARN] ModelIntegratedComponent:63 - No mode defined for component null
2023-11-16 16:04:13,778 [WARN] ModelIntegratedComponent:63 - No mode defined for component null
2023-11-16 16:04:13,778 [WARN] ModelIntegratedComponent:63 - No mode defined for component null
2023-11-16 16:04:13,778 [WARN] ModelIntegratedComponent:63 - No mode defined for component null
2023-11-16 16:04:13,778 [WARN] ModelIntegratedComponent:63 - No mode defined for component null
2023-11-16 16:04:13,778 [WARN] ModelIntegratedComponent:63 - No mode defined for component null
2023-11-16 16:04:13,778 [WARN] ModelIntegratedComponent:63 - No mode defined for component null
2023-11-16 16:04:13,778 [WARN] ModelIntegratedComponent:63 - No mode defined for component null
2023-11-16 16:04:13,889 [WARN] ModelIntegratedComponent:182 - Modes not found for component STMicroelectronics:USB_DEVICE:1.0.0:STMicroelectronics:USB::USB Device:Audio HS::1.0:USB_DEVICE_1_0_RESTRICTED_HS
2023-11-16 16:04:13,890 [WARN] ModelIntegratedComponent:188 - Modes not found for component STMicroelectronics:USB_DEVICE:1.0.0:STMicroelectronics:USB::USB Device:Audio HS::1.0:USB_DEVICE_1_0_RESTRICTED_HS
2023-11-16 16:04:13,890 [WARN] ModelIntegratedComponent:182 - Modes not found for component STMicroelectronics:USB_DEVICE:1.0.0:STMicroelectronics:USB::USB Device:CDC HS::1.0:USB_DEVICE_1_0_RESTRICTED_HS
2023-11-16 16:04:13,890 [WARN] ModelIntegratedComponent:188 - Modes not found for component STMicroelectronics:USB_DEVICE:1.0.0:STMicroelectronics:USB::USB Device:CDC HS::1.0:USB_DEVICE_1_0_RESTRICTED_HS
2023-11-16 16:04:13,890 [WARN] ModelIntegratedComponent:182 - Modes not found for component STMicroelectronics:USB_DEVICE:1.0.0:STMicroelectronics:USB::USB Device:DFU HS::1.0:USB_DEVICE_1_0_RESTRICTED_HS
2023-11-16 16:04:13,890 [WARN] ModelIntegratedComponent:188 - Modes not found for component STMicroelectronics:USB_DEVICE:1.0.0:STMicroelectronics:USB::USB Device:DFU HS::1.0:USB_DEVICE_1_0_RESTRICTED_HS
2023-11-16 16:04:13,890 [WARN] ModelIntegratedComponent:182 - Modes not found for component STMicroelectronics:USB_DEVICE:1.0.0:STMicroelectronics:USB::USB Device:HID HS::1.0:USB_DEVICE_1_0_RESTRICTED_HS
2023-11-16 16:04:13,890 [WARN] ModelIntegratedComponent:188 - Modes not found for component STMicroelectronics:USB_DEVICE:1.0.0:STMicroelectronics:USB::USB Device:HID HS::1.0:USB_DEVICE_1_0_RESTRICTED_HS
2023-11-16 16:04:13,890 [WARN] ModelIntegratedComponent:182 - Modes not found for component STMicroelectronics:USB_DEVICE:1.0.0:STMicroelectronics:USB::USB Device:Custom HID HS::1.0:USB_DEVICE_1_0_RESTRICTED_HS
2023-11-16 16:04:13,890 [WARN] ModelIntegratedComponent:188 - Modes not found for component STMicroelectronics:USB_DEVICE:1.0.0:STMicroelectronics:USB::USB Device:Custom HID HS::1.0:USB_DEVICE_1_0_RESTRICTED_HS
2023-11-16 16:04:13,890 [WARN] ModelIntegratedComponent:182 - Modes not found for component STMicroelectronics:USB_DEVICE:1.0.0:STMicroelectronics:USB::USB Device:MSC HS::1.0:USB_DEVICE_1_0_RESTRICTED_HS
2023-11-16 16:04:13,890 [WARN] ModelIntegratedComponent:188 - Modes not found for component STMicroelectronics:USB_DEVICE:1.0.0:STMicroelectronics:USB::USB Device:MSC HS::1.0:USB_DEVICE_1_0_RESTRICTED_HS
2023-11-16 16:04:13,902 [INFO] ThirdPartyModel:298 - Start build external matchings
2023-11-16 16:04:14,127 [INFO] ThirdPartyModel:316 - End build external matchings
2023-11-16 16:04:14,141 [INFO] ImportTextPane:194 - (OptionalMessage_ERROR) IP (RCC) : Parameter (RTCHSEDivFreq_Value) has invalid value (4000000)
2023-11-16 16:04:14,397 [INFO] UtilMem:75 - End LoadConfig() Used Memory: 388849888 Bytes (706740224)
2023-11-16 16:04:14,549 [INFO] ApiDb:581 - Connected to CubeFinder SQLite database (C:\Users\User\.stmcufinder\plugins\mcufinder\mcu\cube-finder-db.db)
2023-11-16 16:04:14,626 [INFO] ApiDb:668 - CubeFinder database Data Model version=2.1
2023-11-16 16:04:14,626 [INFO] ApiDb:669 - CubeFinder database Configuration version=3.0.37
2023-11-16 16:04:14,626 [INFO] ApiDb:670 - CubeFinder database generation date=2023-10-13 (1697197505)
2023-11-16 16:04:14,626 [INFO] ApiDb:671 - CubeFinder database FW Pack versions=[FP-ATR-ASTRA1_V2.0.0, FP-SNS-FLIGHT1_V5.0.1, FP-SNS-FLIGHT1_V5.0.2, FP-SNS-MOTENV1_V4.3.1, FP-SNS-MOTENV1_V4.3.2, FP-SNS-SMARTAG2_V1.2.0, I-CUBE-ITTIADB_V8.6.3-1, STM32Cube_FW_C0_V1.1.0, STM32Cube_FW_F4_V1.27.1, STM32Cube_FW_F7_V1.17.0, STM32Cube_FW_G0_V1.6.1, STM32Cube_FW_G4_V1.5.1, STM32Cube_FW_H5_V0.5.1, STM32Cube_FW_H5_V1.1.1, STM32Cube_FW_H7_V1.11.0, STM32Cube_FW_L0_V1.12.2, STM32Cube_FW_L5_V1.5.0, STM32Cube_FW_U5_V1.3.0, STM32Cube_FW_U5_V1.3.0RC4, STM32Cube_FW_WBA_V1.0.0RC1, STM32Cube_FW_WBA_V1.1.0RC1, STM32Cube_FW_WBA_V1.1.1, STM32Cube_FW_WB_V1.15.0RC1, STM32Cube_FW_WB_V1.16.0, STM32Cube_FW_WB_V1.16.0RC2, STM32Cube_FW_WB_V1.17.3, STM32Cube_FW_WL_V1.3.0, X-CUBE-ALGOBUILD_V1.3.0, X-CUBE-ALS_V1.0.1, X-CUBE-AZRTOS-F4_V1.1.0, X-CUBE-AZRTOS-F7_V1.1.0, X-CUBE-AZRTOS-G0_V1.1.0, X-CUBE-AZRTOS-G4_V2.0.0, X-CUBE-AZRTOS-H7_V3.1.0, X-CUBE-AZRTOS-L4_V1.0.0, X-CUBE-AZRTOS-L4_V2.0.0, X-CUBE-AZRTOS-L5_V1.1.0, X-CUBE-AZRTOS-WB_V2.0.0, X-CUBE-AZRTOS-WL_V2.0.0, X-CUBE-BLE1_V7.0.0, X-CUBE-BLE2_V3.3.0, X-CUBE-BLEMGR_V2.0.0, X-CUBE-EEPRMA1_V4.1.0, X-CUBE-FREERTOS_V1.1.0, X-CUBE-GNSS1_V6.0.0, X-CUBE-MEMS1_V10.0.0, X-CUBE-MEMS1_V9.1.0, X-CUBE-MEMS1_V9.4.0, X-CUBE-MEMS1_V9.6.0, X-CUBE-NFC4_V3.0.0, X-CUBE-NFC7_V1.0.1, X-CUBE-SFXS2LP1_V4.0.0, X-CUBE-SUBG2_V5.0.0, X-CUBE-TOF1_V3.3.1]
2023-11-16 16:04:16,926 [INFO] ApiDb:240 - Found 323 in-development CPN: [B-G473E-ZEST1S, B-WB1M-WPAN1, B-WL5M-SUBG1, NUCLEO-C031C6, NUCLEO-H503RB, NUCLEO-H563ZI, NUCLEO-U545RE-Q, NUCLEO-U5A5ZJ-Q, NUCLEO-WBA52CG, STEVAL-PROTEUS1, STEVAL-SMARTAG2, STEVAL-STWINBX1, STM320518-EVAL, STM32C0116-DK, STM32C011D6Y3TR, STM32C011D6Y6TR, STM32C011F4P3, STM32C011F4P6, STM32C011F4U3, STM32C011F4U6TR, STM32C011F6P3, STM32C011F6P6, STM32C011F6U3, STM32C011F6U6TR, STM32C011J4M3, STM32C011J4M6, STM32C011J6M3, STM32C011J6M6, STM32C0316-DK, STM32C031C4T3, STM32C031C4T6, STM32C031C4U3, STM32C031C4U6, STM32C031C6T3, STM32C031C6T6, STM32C031C6U3, STM32C031C6U6, STM32C031F4P3, STM32C031F4P6, STM32C031F6P3, STM32C031F6P6, STM32C031G4U3, STM32C031G4U6, STM32C031G6U3, STM32C031G6U6, STM32C031K4T3, STM32C031K4T6, STM32C031K4U3, STM32C031K4U6, STM32C031K6T3, STM32C031K6T6, STM32C031K6U3, STM32C031K6U6, STM32G071K8TXN, STM32G071K8UXN, STM32G081GBU6N, STM32G081KBT6N, STM32G081KBUXN, STM32G0B1CCT6N, STM32G0B1KCT6, STM32G0B1NEY6TR, STM32G0B1RCT6N, STM32G0C1CCT6, STM32G0C1CCT6N, STM32G0C1CCU6N, STM32G0C1CET6N, STM32G0C1CEU6N, STM32G0C1KCT6, STM32G0C1NEY6TR, STM32G0C1RCI6N, STM32G0C1RCT6N, STM32G0C1REI6N, STM32G0C1RET6N, STM32G0C1VCI6, STM32G0C1VEI6, STM32G471CCT6, STM32G471CCU6, STM32G471CET3, STM32G471CET6, STM32G471CEU3, STM32G471CEU6, STM32G471MCT6, STM32G471MET3, STM32G471MET6, STM32G471MEY6TR, STM32G471QCT6, STM32G471QET3, STM32G471RCT6, STM32G471RET3, STM32G471RET6, STM32G471VCH6, STM32G471VCI6, STM32G471VCT6, STM32G471VEH3, STM32G471VEH6, STM32G471VEI3, STM32G471VEI6, STM32G471VET3, STM32G471VET6, STM32G474CCT6, STM32H503CBT6, STM32H503CBU6, STM32H503EBY6TR, STM32H503KBU6, STM32H503RBT6, STM32H562AGI6, STM32H562AII6, STM32H562IGK6, STM32H562IGT6, STM32H562IIK6, STM32H562IIT6, STM32H562RGT6, STM32H562RGV6, STM32H562RIT6, STM32H562RIV6, STM32H562VGT6, STM32H562VIT6, STM32H562ZGT6, STM32H562ZIT6, STM32H563AGI6, STM32H563AII3Q, STM32H563AII6, STM32H563IGK6, STM32H563IGT6, STM32H563IIK3Q, STM32H563IIK6, STM32H563IIT3Q, STM32H563IIT6, STM32H563MIY3QTR, STM32H563RGT6, STM32H563RGV6, STM32H563RIT6, STM32H563RIV6, STM32H563VGT6, STM32H563VIT3Q, STM32H563VIT6, STM32H563ZGT6, STM32H563ZIT3Q, STM32H563ZIT6, STM32H573AII3Q, STM32H573AII6, STM32H573I-DK, STM32H573IIK3Q, STM32H573IIK6, STM32H573IIT3Q, STM32H573IIT6, STM32H573MIY3QTR, STM32H573RIT6, STM32H573RIV6, STM32H573VIT3Q, STM32H573VIT6, STM32H573ZIT3Q, STM32H573ZIT6, STM32L4R5QGI6STR, STM32MP131AAE3, STM32MP131AAF3, STM32MP131AAG3, STM32MP131CAE3, STM32MP131CAF3, STM32MP131CAG3, STM32MP131DAE7, STM32MP131DAF7, STM32MP131DAG7, STM32MP131FAE7, STM32MP131FAF7, STM32MP131FAG7, STM32MP133AAE3, STM32MP133AAF3, STM32MP133AAG3, STM32MP133CAE3, STM32MP133CAF3, STM32MP133CAG3, STM32MP133DAE7, STM32MP133DAF7, STM32MP133DAG7, STM32MP133FAE7, STM32MP133FAF7, STM32MP133FAG7, STM32MP135AAE3, STM32MP135AAF3, STM32MP135AAG3, STM32MP135CAE3, STM32MP135CAF3, STM32MP135CAG3, STM32MP135DAE7, STM32MP135DAF7, STM32MP135DAG7, STM32MP135F-DK, STM32MP135FAE7, STM32MP135FAF7, STM32MP135FAF7T, STM32MP135FAF7U, STM32MP135FAG7, STM32U535CBT6, STM32U535CBT6Q, STM32U535CBU6, STM32U535CBU6Q, STM32U535CCT6, STM32U535CCT6Q, STM32U535CCU6, STM32U535CCU6Q, STM32U535CET6, STM32U535CET6Q, STM32U535CEU6, STM32U535CEU6Q, STM32U535JEY6QTR, STM32U535NCY6QTR, STM32U535NEY6QTR, STM32U535RBI6, STM32U535RBI6Q, STM32U535RBT6, STM32U535RBT6Q, STM32U535RCI6, STM32U535RCI6Q, STM32U535RCT6, STM32U535RCT6Q, STM32U535REI6, STM32U535REI6Q, STM32U535RET6, STM32U535RET6Q, STM32U535VCI6, STM32U535VCI6Q, STM32U535VCT6, STM32U535VCT6Q, STM32U535VEI6, STM32U535VEI6Q, STM32U535VET6, STM32U535VET6Q, STM32U545CET6, STM32U545CET6Q, STM32U545CEU6, STM32U545CEU6Q, STM32U545JEY6QTR, STM32U545NEY6QTR, STM32U545REI6, STM32U545REI6Q, STM32U545RET6, STM32U545RET6Q, STM32U545VEI6, STM32U545VEI6Q, STM32U545VET6, STM32U545VET6Q, STM32U595AIH6, STM32U595AIH6Q, STM32U595AJH6, STM32U595AJH6Q, STM32U595QII6, STM32U595QII6Q, STM32U595QJI6, STM32U595QJI6Q, STM32U595RIT6, STM32U595RIT6Q, STM32U595RJT6, STM32U595RJT6Q, STM32U595VIT6, STM32U595VIT6Q, STM32U595VJT6, STM32U595VJT6Q, STM32U595ZIT6, STM32U595ZIT6Q, STM32U595ZIY6QTR, STM32U595ZJT6, STM32U595ZJT6Q, STM32U595ZJY6QTR, STM32U599BJY6QTR, STM32U599NIH6Q, STM32U599NJH6Q, STM32U599VIT6Q, STM32U599VJT6, STM32U599VJT6Q, STM32U599ZIT6Q, STM32U599ZIY6QTR, STM32U599ZJT6Q, STM32U599ZJY6QTR, STM32U5A5AJH6, STM32U5A5AJH6Q, STM32U5A5QJI6, STM32U5A5QJI6Q, STM32U5A5RJT6, STM32U5A5RJT6Q, STM32U5A5VJT6, STM32U5A5VJT6Q, STM32U5A5ZJT6, STM32U5A5ZJT6Q, STM32U5A5ZJY6QTR, STM32U5A9BJY6QTR, STM32U5A9J-DK, STM32U5A9NJH6Q, STM32U5A9VJT6Q, STM32U5A9ZJT6Q, STM32U5A9ZJY6QTR, STM32U5F7VIT6, STM32U5F7VIT6Q, STM32U5F7VJT6, STM32U5F7VJT6Q, STM32U5F9BJY6QTR, STM32U5F9NJH6Q, STM32U5F9VIT6Q, STM32U5F9VJT6Q, STM32U5F9ZIJ6QTR, STM32U5F9ZIT6Q, STM32U5F9ZJJ6QTR, STM32U5F9ZJT6Q, STM32U5G7VJT6, STM32U5G7VJT6Q, STM32U5G9BJY6QTR, STM32U5G9J-DK1, STM32U5G9J-DK2, STM32U5G9NJH6Q, STM32U5G9VJT6Q, STM32U5G9ZJJ6QTR, STM32U5G9ZJT6Q, STM32WB1MMCH6, STM32WBA52CEU6, STM32WBA52CEU6T, STM32WBA52CGU6, STM32WBA52CGU6T, STM32WBA52KEU6, STM32WBA52KEU6T, STM32WBA52KGU6, STM32WBA52KGU6T, STM32WL5MOCH6, STM32WL5MOCH6TR]
2023-11-16 16:04:16,930 [INFO] DbMcus:217 - Found 3848 MCUs, 3848 are supported
2023-11-16 16:04:16,931 [INFO] ApiDb:423 - Load user favorites file C:\Users\User/.stm32cubeide/favorites.mcus.txt: 0 item(s)
2023-11-16 16:04:16,931 [INFO] ApiDb:427 - User favorites MCUs=[]
2023-11-16 16:04:16,931 [INFO] DbMcus:223 - Set 0 / 0 favorites MCUs
2023-11-16 16:04:17,244 [WARN] ThirdParty:833 - waiting for thirdparty lock release [change project]
2023-11-16 16:04:17,244 [INFO] ThirdParty:835 - entering critical section [change project]
2023-11-16 16:04:17,244 [INFO] ThirdParty:1030 - CMSIS Pack Vendor :STMicroelectronics X-CUBE-ISPU 1.1.0
2023-11-16 16:04:17,244 [INFO] ThirdParty:1030 - CMSIS Pack Vendor :STMicroelectronics USBPD 4.1
2023-11-16 16:04:17,244 [INFO] ThirdParty:1030 - CMSIS Pack Vendor :STMicroelectronics X-CUBE-GNSS1 6.0.0
2023-11-16 16:04:17,244 [INFO] ThirdParty:1030 - CMSIS Pack Vendor :STMicroelectronics USB_HOST 2.0.0
2023-11-16 16:04:17,244 [INFO] ThirdParty:1030 - CMSIS Pack Vendor :STMicroelectronics X-CUBE-AZRTOS-F4 1.1.0
2023-11-16 16:04:17,245 [INFO] ThirdParty:1030 - CMSIS Pack Vendor :STMicroelectronics LIBJPEG 8.0.0
2023-11-16 16:04:17,245 [INFO] ThirdParty:1030 - CMSIS Pack Vendor :wolfSSL I-CUBE-wolfSSL 5.6.4
2023-11-16 16:04:17,245 [INFO] ThirdParty:1030 - CMSIS Pack Vendor :STMicroelectronics X-CUBE-SMBUS 2.1.0
2023-11-16 16:04:17,245 [INFO] ThirdParty:1030 - CMSIS Pack Vendor :STMicroelectronics USB_DEVICE 3.0.0
2023-11-16 16:04:17,245 [INFO] ThirdParty:1030 - CMSIS Pack Vendor :STMicroelectronics X-CUBE-AZRTOS-WB 2.0.0
2023-11-16 16:04:17,245 [INFO] ThirdParty:1030 - CMSIS Pack Vendor :STMicroelectronics X-CUBE-AZRTOS-F7 1.1.0
2023-11-16 16:04:17,245 [INFO] ThirdParty:1030 - CMSIS Pack Vendor :STMicroelectronics X-CUBE-AZRTOS-L5 2.0.0
2023-11-16 16:04:17,245 [INFO] ThirdParty:1030 - CMSIS Pack Vendor :STMicroelectronics USB_DEVICE 2.0.0
2023-11-16 16:04:17,245 [INFO] ThirdParty:1030 - CMSIS Pack Vendor :STMicroelectronics X-CUBE-EEPRMA1 4.2.0
2023-11-16 16:04:17,245 [INFO] ThirdParty:1030 - CMSIS Pack Vendor :ITTIA_DB I-CUBE-ITTIADB 8.8.0
2023-11-16 16:04:17,245 [INFO] ThirdParty:1030 - CMSIS Pack Vendor :STMicroelectronics FP-SNS-MOTENV1 4.3.2
2023-11-16 16:04:17,245 [INFO] ThirdParty:1030 - CMSIS Pack Vendor :STMicroelectronics X-CUBE-ALGOBUILD 1.3.0
2023-11-16 16:04:17,245 [INFO] ThirdParty:1030 - CMSIS Pack Vendor :STMicroelectronics FreeRTOS 0.0.1
2023-11-16 16:04:17,245 [INFO] ThirdParty:1030 - CMSIS Pack Vendor :STMicroelectronics X-CUBE-AZRTOS-G0 1.1.0
2023-11-16 16:04:17,245 [INFO] ThirdParty:1030 - CMSIS Pack Vendor :STMicroelectronics X-CUBE-NFC4 3.0.0
2023-11-16 16:04:17,246 [INFO] ThirdParty:1030 - CMSIS Pack Vendor :STMicroelectronics X-CUBE-SUBG2 5.0.0
2023-11-16 16:04:17,246 [INFO] ThirdParty:1030 - CMSIS Pack Vendor :STMicroelectronics STM32_WPAN 1.0.0
2023-11-16 16:04:17,246 [INFO] ThirdParty:1030 - CMSIS Pack Vendor :STMicroelectronics lwIP 2.0.3
2023-11-16 16:04:17,246 [INFO] ThirdParty:1030 - CMSIS Pack Vendor :STMicroelectronics FP-SNS-FLIGHT1 5.0.2
2023-11-16 16:04:17,246 [INFO] ThirdParty:1030 - CMSIS Pack Vendor :STMicroelectronics USB_HOST 1.0.0
2023-11-16 16:04:17,246 [INFO] ThirdParty:1030 - CMSIS Pack Vendor :STMicroelectronics X-CUBE-TOF1 3.3.1
2023-11-16 16:04:17,246 [INFO] ThirdParty:1030 - CMSIS Pack Vendor :STMicroelectronics X-CUBE-AZRTOS-G4 2.0.0
2023-11-16 16:04:17,246 [INFO] ThirdParty:1030 - CMSIS Pack Vendor :STMicroelectronics PDM2PCM 3.1.0
2023-11-16 16:04:17,246 [INFO] ThirdParty:1030 - CMSIS Pack Vendor :STMicroelectronics X-CUBE-AZRTOS-H7 3.1.0
2023-11-16 16:04:17,246 [INFO] ThirdParty:1030 - CMSIS Pack Vendor :Infineon AIROC-Wi-Fi-Bluetooth-STM32 1.5.1
2023-11-16 16:04:17,246 [INFO] ThirdParty:1030 - CMSIS Pack Vendor :STMicroelectronics X-CUBE-BLEMGR 3.0.0
2023-11-16 16:04:17,246 [INFO] ThirdParty:1030 - CMSIS Pack Vendor :STMicroelectronics PDM2PCM 3.3.0
2023-11-16 16:04:17,246 [INFO] ThirdParty:1030 - CMSIS Pack Vendor :STMicroelectronics X-CUBE-DISPLAY 3.0.0
2023-11-16 16:04:17,247 [INFO] ThirdParty:1030 - CMSIS Pack Vendor :STMicroelectronics FP-SNS-MOTENVWB1 1.3.0
2023-11-16 16:04:17,247 [INFO] ThirdParty:1030 - CMSIS Pack Vendor :STMicroelectronics X-CUBE-BLE1 7.0.0
2023-11-16 16:04:17,247 [INFO] ThirdParty:1030 - CMSIS Pack Vendor :STMicroelectronics FP-ATR-SIGFOX1 3.2.0
2023-11-16 16:04:17,247 [INFO] ThirdParty:1030 - CMSIS Pack Vendor :STMicroelectronics HAL Drivers 0.0.0
2023-11-16 16:04:17,247 [INFO] ThirdParty:1030 - CMSIS Pack Vendor :STMicroelectronics MBEDTLS 2.16.2
2023-11-16 16:04:17,247 [INFO] ThirdParty:1030 - CMSIS Pack Vendor :emotas I-CUBE-CANOPEN 1.3.0
2023-11-16 16:04:17,247 [INFO] ThirdParty:1030 - CMSIS Pack Vendor :STMicroelectronics X-CUBE-MEMS1 10.0.0
2023-11-16 16:04:17,247 [INFO] ThirdParty:1030 - CMSIS Pack Vendor :STMicroelectronics X-CUBE-FREERTOS 1.1.0
2023-11-16 16:04:17,247 [INFO] ThirdParty:1030 - CMSIS Pack Vendor :STMicroelectronics X-CUBE-NFC7 1.0.1
2023-11-16 16:04:17,247 [INFO] ThirdParty:1030 - CMSIS Pack Vendor :STMicroelectronics MBEDTLS 2.14.1
2023-11-16 16:04:17,247 [INFO] ThirdParty:1030 - CMSIS Pack Vendor :STMicroelectronics X-CUBE-TOUCHGFX 4.22.1
2023-11-16 16:04:17,247 [INFO] ThirdParty:1030 - CMSIS Pack Vendor :STMicroelectronics X-CUBE-NFC6 3.0.0
2023-11-16 16:04:17,247 [INFO] ThirdParty:1030 - CMSIS Pack Vendor :portGmbH I-Cube-SoM-uGOAL 1.1.0
2023-11-16 16:04:17,247 [INFO] ThirdParty:1030 - CMSIS Pack Vendor :STMicroelectronics X-CUBE-ALS 1.0.1
2023-11-16 16:04:17,247 [INFO] ThirdParty:1030 - CMSIS Pack Vendor :STMicroelectronics ThreadX 1.0.0
2023-11-16 16:04:17,247 [INFO] ThirdParty:1030 - CMSIS Pack Vendor :STMicroelectronics FP-SNS-SMARTAG2 1.2.0
2023-11-16 16:04:17,248 [INFO] ThirdParty:1030 - CMSIS Pack Vendor :STMicroelectronics X-CUBE-AZRTOS-WL 2.0.0
2023-11-16 16:04:17,248 [INFO] ThirdParty:1030 - CMSIS Pack Vendor :STMicroelectronics USB_DEVICE 1.0.0
2023-11-16 16:04:17,248 [INFO] ThirdParty:1030 - CMSIS Pack Vendor :STMicroelectronics X-CUBE-AI 8.1.0
2023-11-16 16:04:17,248 [INFO] ThirdParty:1030 - CMSIS Pack Vendor :STMicroelectronics X-CUBE-AZRTOS-L4 2.0.0
2023-11-16 16:04:17,248 [INFO] ThirdParty:1030 - CMSIS Pack Vendor :STMicroelectronics ThreadX 0.0.2
2023-11-16 16:04:17,248 [INFO] ThirdParty:1030 - CMSIS Pack Vendor :WES I-CUBE-Cesium 1.3.0
2023-11-16 16:04:17,248 [INFO] ThirdParty:1030 - CMSIS Pack Vendor :STMicroelectronics FP-ATR-ASTRA1 2.0.0
2023-11-16 16:04:17,248 [INFO] ThirdParty:1030 - CMSIS Pack Vendor :STMicroelectronics lwIP 2.1.2
2023-11-16 16:04:17,248 [INFO] ThirdParty:1030 - CMSIS Pack Vendor :STMicroelectronics X-CUBE-SFXS2LP1 4.0.0
2023-11-16 16:04:17,248 [INFO] ThirdParty:1030 - CMSIS Pack Vendor :STMicroelectronics X-CUBE-BLE2 3.3.0
2023-11-16 16:04:17,248 [INFO] ThirdParty:1030 - CMSIS Pack Vendor :STMicroelectronics PDM2PCM 3.2.0
2023-11-16 16:04:17,248 [INFO] ThirdParty:841 - exiting critical section [change project]
2023-11-16 16:04:17,653 [INFO] PinOutPanel:1499 - setPackage(No Configuration,No Configuration)
2023-11-16 16:04:17,654 [INFO] PinOutPanel:1499 - setPackage(STM32F411VETx,LQFP100)
2023-11-16 16:04:18,319 [INFO] UtilMem:75 - Before build in PCC Used Memory: 438074904 Bytes (706740224)
2023-11-16 16:04:19,492 [INFO] UtilMem:75 - After build in PCC Used Memory: 527887984 Bytes (753926144)
2023-11-16 16:04:19,671 [INFO] ApiDbMcu:507 - Load IP Config File for USB_HOST
2023-11-16 16:04:19,673 [WARN] BspModel:444 - BSP dependency skipped because of component: name='IOExpander', api='Unknown'
2023-11-16 16:04:19,707 [INFO] IPUIPlugin:80 - create IPUIPlugin
2023-11-16 16:04:19,707 [INFO] IPUIPlugin:80 - create IPUIPlugin
2023-11-16 16:04:19,708 [INFO] IPUIPlugin:80 - create IPUIPlugin
2023-11-16 16:04:19,708 [INFO] IPUIPlugin:80 - create IPUIPlugin
2023-11-16 16:04:19,708 [INFO] IPUIPlugin:80 - create IPUIPlugin
2023-11-16 16:04:19,708 [INFO] IPUIPlugin:80 - create IPUIPlugin
2023-11-16 16:04:19,708 [INFO] IPUIPlugin:80 - create IPUIPlugin
2023-11-16 16:04:19,708 [INFO] IPUIPlugin:80 - create IPUIPlugin
2023-11-16 16:04:19,708 [INFO] IPUIPlugin:80 - create IPUIPlugin
2023-11-16 16:04:19,708 [INFO] IPUIPlugin:80 - create IPUIPlugin
2023-11-16 16:04:19,708 [INFO] IPUIPlugin:80 - create IPUIPlugin
2023-11-16 16:04:19,708 [INFO] IPUIPlugin:80 - create IPUIPlugin
2023-11-16 16:04:19,708 [INFO] IPUIPlugin:80 - create IPUIPlugin
2023-11-16 16:04:19,709 [INFO] IPUIPlugin:80 - create IPUIPlugin
2023-11-16 16:04:19,709 [INFO] IPUIPlugin:80 - create IPUIPlugin
2023-11-16 16:04:19,709 [INFO] IPUIPlugin:80 - create IPUIPlugin
2023-11-16 16:04:19,709 [INFO] IPUIPlugin:80 - create IPUIPlugin
2023-11-16 16:04:19,709 [INFO] IPUIPlugin:80 - create IPUIPlugin
2023-11-16 16:04:19,709 [INFO] IPUIPlugin:80 - create IPUIPlugin
2023-11-16 16:04:19,709 [INFO] IPUIPlugin:80 - create IPUIPlugin
2023-11-16 16:04:19,710 [INFO] IPUIPlugin:80 - create IPUIPlugin
2023-11-16 16:04:19,710 [INFO] IPUIPlugin:80 - create IPUIPlugin
2023-11-16 16:04:19,710 [INFO] IPUIPlugin:80 - create IPUIPlugin
2023-11-16 16:04:19,710 [INFO] IPUIPlugin:80 - create IPUIPlugin
2023-11-16 16:04:19,710 [INFO] IPUIPlugin:80 - create IPUIPlugin
2023-11-16 16:04:19,710 [INFO] IPUIPlugin:80 - create IPUIPlugin
2023-11-16 16:04:19,711 [INFO] IPUIPlugin:80 - create IPUIPlugin
2023-11-16 16:04:19,711 [INFO] IPUIPlugin:80 - create IPUIPlugin
2023-11-16 16:04:19,711 [INFO] IPUIPlugin:80 - create IPUIPlugin
2023-11-16 16:04:19,711 [INFO] IPUIPlugin:80 - create IPUIPlugin
2023-11-16 16:04:19,711 [INFO] IPUIPlugin:80 - create IPUIPlugin
2023-11-16 16:04:19,712 [INFO] IPUIPlugin:80 - create IPUIPlugin
2023-11-16 16:04:19,712 [INFO] IPUIPlugin:80 - create IPUIPlugin
2023-11-16 16:04:19,712 [INFO] IPUIPlugin:80 - create IPUIPlugin
2023-11-16 16:04:19,712 [INFO] IPUIPlugin:80 - create IPUIPlugin
2023-11-16 16:04:19,712 [INFO] IPUIPlugin:80 - create IPUIPlugin
2023-11-16 16:04:19,712 [INFO] IPUIPlugin:80 - create IPUIPlugin
2023-11-16 16:04:19,713 [INFO] IPUIPlugin:80 - create IPUIPlugin
2023-11-16 16:04:19,713 [INFO] IPUIPlugin:80 - create IPUIPlugin
2023-11-16 16:04:19,713 [INFO] IPUIPlugin:80 - create IPUIPlugin
2023-11-16 16:04:19,713 [INFO] IPUIPlugin:80 - create IPUIPlugin
2023-11-16 16:04:19,714 [INFO] IPUIPlugin:80 - create IPUIPlugin
2023-11-16 16:04:19,714 [INFO] IPUIPlugin:80 - create IPUIPlugin
2023-11-16 16:04:19,743 [INFO] ApiDbMcu:507 - Load IP Config File for PDM2PCM
2023-11-16 16:04:19,773 [WARN] IP:2114 - I2C_Coeff_DF not found: check if there is a RefParameter without a condition.
2023-11-16 16:04:19,773 [WARN] IP:2114 - Analog_Filter not found: check if there is a RefParameter without a condition.
2023-11-16 16:04:19,783 [INFO] I2sManager:658 - 1.6E8
2023-11-16 16:04:19,784 [INFO] I2sManager:195 - I2S Clock Value : 1.6E8
2023-11-16 16:04:19,786 [INFO] I2sManager:553 - AudioClock : 96153Divider : 26Odd : 0
2023-11-16 16:04:19,788 [INFO] I2sManager:658 - 1.6E8
2023-11-16 16:04:19,788 [INFO] I2sManager:195 - I2S Clock Value : 1.6E8
2023-11-16 16:04:19,788 [INFO] I2sManager:553 - AudioClock : 89285Divider : 3Odd : 1
2023-11-16 16:04:20,058 [INFO] CADModel:165 - CPN selected for project levelSTM32F411VET6
2023-11-16 16:04:20,058 [INFO] CADModel:114 - Register for checkConnection events
2023-11-16 16:04:20,115 [INFO] OpenFileManager:328 - Restore cursor
2023-11-16 16:04:20,322 [WARN] IP:2114 - I2C_Coeff_DF not found: check if there is a RefParameter without a condition.
2023-11-16 16:04:20,322 [WARN] IP:2114 - Analog_Filter not found: check if there is a RefParameter without a condition.
2023-11-16 16:04:20,323 [WARN] IP:2114 - I2C_Coeff_DF not found: check if there is a RefParameter without a condition.
2023-11-16 16:04:20,323 [WARN] IP:2114 - Analog_Filter not found: check if there is a RefParameter without a condition.
2023-11-16 16:04:30,801 [WARN] BspModel:444 - BSP dependency skipped because of component: name='IOExpander', api='Unknown'
2023-11-16 16:04:30,901 [WARN] IP:2114 - I2C_Coeff_DF not found: check if there is a RefParameter without a condition.
2023-11-16 16:04:30,901 [WARN] IP:2114 - Analog_Filter not found: check if there is a RefParameter without a condition.
2023-11-16 16:04:30,901 [WARN] IP:2114 - I2C_Coeff_DF not found: check if there is a RefParameter without a condition.
2023-11-16 16:04:30,901 [WARN] IP:2114 - Analog_Filter not found: check if there is a RefParameter without a condition.
2023-11-16 16:04:30,948 [WARN] IP:2114 - I2C_Coeff_DF not found: check if there is a RefParameter without a condition.
2023-11-16 16:04:30,948 [WARN] IP:2114 - Analog_Filter not found: check if there is a RefParameter without a condition.
2023-11-16 16:04:30,984 [WARN] IP:2114 - I2C_Coeff_DF not found: check if there is a RefParameter without a condition.
2023-11-16 16:04:30,985 [WARN] IP:2114 - Analog_Filter not found: check if there is a RefParameter without a condition.
2023-11-16 16:04:41,872 [WARN] BspModel:444 - BSP dependency skipped because of component: name='IOExpander', api='Unknown'
2023-11-16 16:04:44,539 [WARN] BspModel:444 - BSP dependency skipped because of component: name='IOExpander', api='Unknown'
2023-11-16 16:04:44,589 [WARN] IP:2114 - I2C_Coeff_DF not found: check if there is a RefParameter without a condition.
2023-11-16 16:04:44,589 [WARN] IP:2114 - Analog_Filter not found: check if there is a RefParameter without a condition.
2023-11-16 16:04:44,589 [WARN] IP:2114 - I2C_Coeff_DF not found: check if there is a RefParameter without a condition.
2023-11-16 16:04:44,589 [WARN] IP:2114 - Analog_Filter not found: check if there is a RefParameter without a condition.
2023-11-16 16:04:44,615 [WARN] IP:2114 - I2C_Coeff_DF not found: check if there is a RefParameter without a condition.
2023-11-16 16:04:44,615 [WARN] IP:2114 - Analog_Filter not found: check if there is a RefParameter without a condition.
2023-11-16 16:04:44,637 [WARN] IP:2114 - I2C_Coeff_DF not found: check if there is a RefParameter without a condition.
2023-11-16 16:04:44,637 [WARN] IP:2114 - Analog_Filter not found: check if there is a RefParameter without a condition.
2023-11-16 16:04:46,826 [WARN] BspModel:444 - BSP dependency skipped because of component: name='IOExpander', api='Unknown'
2023-11-16 16:04:51,329 [WARN] IP:2114 - I2C_Coeff_DF not found: check if there is a RefParameter without a condition.
2023-11-16 16:04:51,329 [WARN] IP:2114 - Analog_Filter not found: check if there is a RefParameter without a condition.
2023-11-16 16:04:51,329 [WARN] IP:2114 - I2C_Coeff_DF not found: check if there is a RefParameter without a condition.
2023-11-16 16:04:51,329 [WARN] IP:2114 - Analog_Filter not found: check if there is a RefParameter without a condition.
2023-11-16 16:04:51,346 [WARN] IP:2114 - I2C_Coeff_DF not found: check if there is a RefParameter without a condition.
2023-11-16 16:04:51,346 [WARN] IP:2114 - Analog_Filter not found: check if there is a RefParameter without a condition.
2023-11-16 16:04:51,362 [WARN] IP:2114 - I2C_Coeff_DF not found: check if there is a RefParameter without a condition.
2023-11-16 16:04:51,362 [WARN] IP:2114 - Analog_Filter not found: check if there is a RefParameter without a condition.
2023-11-16 16:04:59,524 [WARN] IP:2114 - I2C_Coeff_DF not found: check if there is a RefParameter without a condition.
2023-11-16 16:04:59,524 [WARN] IP:2114 - Analog_Filter not found: check if there is a RefParameter without a condition.
2023-11-16 16:04:59,524 [WARN] IP:2114 - I2C_Coeff_DF not found: check if there is a RefParameter without a condition.
2023-11-16 16:04:59,524 [WARN] IP:2114 - Analog_Filter not found: check if there is a RefParameter without a condition.
2023-11-16 16:04:59,540 [WARN] IP:2114 - I2C_Coeff_DF not found: check if there is a RefParameter without a condition.
2023-11-16 16:04:59,540 [WARN] IP:2114 - Analog_Filter not found: check if there is a RefParameter without a condition.
2023-11-16 16:04:59,556 [WARN] IP:2114 - I2C_Coeff_DF not found: check if there is a RefParameter without a condition.
2023-11-16 16:04:59,556 [WARN] IP:2114 - Analog_Filter not found: check if there is a RefParameter without a condition.
2023-11-16 16:05:05,206 [WARN] IP:2114 - I2C_Coeff_DF not found: check if there is a RefParameter without a condition.
2023-11-16 16:05:05,206 [WARN] IP:2114 - Analog_Filter not found: check if there is a RefParameter without a condition.
2023-11-16 16:05:05,206 [WARN] IP:2114 - I2C_Coeff_DF not found: check if there is a RefParameter without a condition.
2023-11-16 16:05:05,206 [WARN] IP:2114 - Analog_Filter not found: check if there is a RefParameter without a condition.
2023-11-16 16:05:05,221 [WARN] IP:2114 - I2C_Coeff_DF not found: check if there is a RefParameter without a condition.
2023-11-16 16:05:05,221 [WARN] IP:2114 - Analog_Filter not found: check if there is a RefParameter without a condition.
2023-11-16 16:05:05,236 [WARN] IP:2114 - I2C_Coeff_DF not found: check if there is a RefParameter without a condition.
2023-11-16 16:05:05,236 [WARN] IP:2114 - Analog_Filter not found: check if there is a RefParameter without a condition.
2023-11-16 16:05:08,430 [WARN] IP:2114 - I2C_Coeff_DF not found: check if there is a RefParameter without a condition.
2023-11-16 16:05:08,430 [WARN] IP:2114 - Analog_Filter not found: check if there is a RefParameter without a condition.
2023-11-16 16:05:08,431 [WARN] IP:2114 - I2C_Coeff_DF not found: check if there is a RefParameter without a condition.
2023-11-16 16:05:08,431 [WARN] IP:2114 - Analog_Filter not found: check if there is a RefParameter without a condition.
2023-11-16 16:05:08,444 [WARN] IP:2114 - I2C_Coeff_DF not found: check if there is a RefParameter without a condition.
2023-11-16 16:05:08,444 [WARN] IP:2114 - Analog_Filter not found: check if there is a RefParameter without a condition.
2023-11-16 16:05:08,461 [WARN] IP:2114 - I2C_Coeff_DF not found: check if there is a RefParameter without a condition.
2023-11-16 16:05:08,461 [WARN] IP:2114 - Analog_Filter not found: check if there is a RefParameter without a condition.
2023-11-16 16:05:10,586 [WARN] IP:2114 - I2C_Coeff_DF not found: check if there is a RefParameter without a condition.
2023-11-16 16:05:10,586 [WARN] IP:2114 - Analog_Filter not found: check if there is a RefParameter without a condition.
2023-11-16 16:05:10,587 [WARN] IP:2114 - I2C_Coeff_DF not found: check if there is a RefParameter without a condition.
2023-11-16 16:05:10,587 [WARN] IP:2114 - Analog_Filter not found: check if there is a RefParameter without a condition.
2023-11-16 16:05:10,600 [WARN] IP:2114 - I2C_Coeff_DF not found: check if there is a RefParameter without a condition.
2023-11-16 16:05:10,600 [WARN] IP:2114 - Analog_Filter not found: check if there is a RefParameter without a condition.
2023-11-16 16:05:10,613 [WARN] IP:2114 - I2C_Coeff_DF not found: check if there is a RefParameter without a condition.
2023-11-16 16:05:10,613 [WARN] IP:2114 - Analog_Filter not found: check if there is a RefParameter without a condition.
2023-11-16 16:05:12,434 [WARN] IP:2114 - I2C_Coeff_DF not found: check if there is a RefParameter without a condition.
2023-11-16 16:05:12,434 [WARN] IP:2114 - Analog_Filter not found: check if there is a RefParameter without a condition.
2023-11-16 16:05:12,434 [WARN] IP:2114 - I2C_Coeff_DF not found: check if there is a RefParameter without a condition.
2023-11-16 16:05:12,434 [WARN] IP:2114 - Analog_Filter not found: check if there is a RefParameter without a condition.
2023-11-16 16:05:12,448 [WARN] IP:2114 - I2C_Coeff_DF not found: check if there is a RefParameter without a condition.
2023-11-16 16:05:12,448 [WARN] IP:2114 - Analog_Filter not found: check if there is a RefParameter without a condition.
2023-11-16 16:05:12,463 [WARN] IP:2114 - I2C_Coeff_DF not found: check if there is a RefParameter without a condition.
2023-11-16 16:05:12,463 [WARN] IP:2114 - Analog_Filter not found: check if there is a RefParameter without a condition.
2023-11-16 16:05:14,269 [WARN] IP:2114 - I2C_Coeff_DF not found: check if there is a RefParameter without a condition.
2023-11-16 16:05:14,269 [WARN] IP:2114 - Analog_Filter not found: check if there is a RefParameter without a condition.
2023-11-16 16:05:14,269 [WARN] IP:2114 - I2C_Coeff_DF not found: check if there is a RefParameter without a condition.
2023-11-16 16:05:14,269 [WARN] IP:2114 - Analog_Filter not found: check if there is a RefParameter without a condition.
2023-11-16 16:05:14,283 [WARN] IP:2114 - I2C_Coeff_DF not found: check if there is a RefParameter without a condition.
2023-11-16 16:05:14,284 [WARN] IP:2114 - Analog_Filter not found: check if there is a RefParameter without a condition.
2023-11-16 16:05:14,298 [WARN] IP:2114 - I2C_Coeff_DF not found: check if there is a RefParameter without a condition.
2023-11-16 16:05:14,298 [WARN] IP:2114 - Analog_Filter not found: check if there is a RefParameter without a condition.
2023-11-16 16:05:16,374 [WARN] IP:2114 - I2C_Coeff_DF not found: check if there is a RefParameter without a condition.
2023-11-16 16:05:16,375 [WARN] IP:2114 - Analog_Filter not found: check if there is a RefParameter without a condition.
2023-11-16 16:05:16,375 [WARN] IP:2114 - I2C_Coeff_DF not found: check if there is a RefParameter without a condition.
2023-11-16 16:05:16,375 [WARN] IP:2114 - Analog_Filter not found: check if there is a RefParameter without a condition.
2023-11-16 16:05:16,389 [WARN] IP:2114 - I2C_Coeff_DF not found: check if there is a RefParameter without a condition.
2023-11-16 16:05:16,389 [WARN] IP:2114 - Analog_Filter not found: check if there is a RefParameter without a condition.
2023-11-16 16:05:16,403 [WARN] IP:2114 - I2C_Coeff_DF not found: check if there is a RefParameter without a condition.
2023-11-16 16:05:16,403 [WARN] IP:2114 - Analog_Filter not found: check if there is a RefParameter without a condition.
2023-11-16 16:06:07,153 [INFO] UtilMem:75 - End SaveConfig() Used Memory: 523885056 Bytes (1073741824)
2023-11-16 16:06:08,563 [INFO] UtilMem:75 - End SaveConfig() Used Memory: 583653888 Bytes (1073741824)
2023-11-16 16:06:11,005 [INFO] UtilMem:75 - End SaveConfig() Used Memory: 624021976 Bytes (1073741824)
2023-11-16 16:06:11,367 [INFO] ProjectBuilder:2337 - IP not ready for code generation: Clock
2023-11-16 16:06:12,761 [INFO] BlockDiagram:2759 - set Specific Code input for plugin: NVIC
2023-11-16 16:06:12,761 [INFO] BlockDiagram:2759 - set Specific Code input for plugin: SYS
2023-11-16 16:06:12,761 [INFO] BlockDiagram:2759 - set Specific Code input for plugin: GPIO
2023-11-16 16:06:12,761 [INFO] BlockDiagram:2759 - set Specific Code input for plugin: RCC
2023-11-16 16:06:12,762 [INFO] CodeGenerator:799 - code generatio: config db path: E:\Install\STM32CubeIDE_1.13.2\STM32CubeIDE\plugins\com.st.stm32cube.common.mx_6.9.2.202309101412\\db\
2023-11-16 16:06:13,050 [INFO] CodeEngine:255 - oldGeneratedFile, E:\Install\Projects\EmbeddedC\STM32CubeIDEworkspace\Hello_World\MXTmpFiles\license.tmp_save
2023-11-16 16:06:13,490 [INFO] CodeEngine:279 - Generated code: E:\Install\Projects\EmbeddedC\STM32CubeIDEworkspace\Hello_World\MXTmpFiles\license.tmp
2023-11-16 16:06:13,604 [INFO] CodeEngine:255 - oldGeneratedFile, E:\Install\Projects\EmbeddedC\STM32CubeIDEworkspace\Hello_World\MXTmpFiles\gpio.tmp_save
2023-11-16 16:06:13,739 [INFO] CodeEngine:279 - Generated code: E:\Install\Projects\EmbeddedC\STM32CubeIDEworkspace\Hello_World\MXTmpFiles\gpio.tmp
2023-11-16 16:06:13,803 [INFO] CodeEngine:255 - oldGeneratedFile, E:\Install\Projects\EmbeddedC\STM32CubeIDEworkspace\Hello_World\Core\Src\stm32f4xx_it.c_save
2023-11-16 16:06:13,946 [INFO] CodeEngine:279 - Generated code: E:\Install\Projects\EmbeddedC\STM32CubeIDEworkspace\Hello_World\Core\Src\stm32f4xx_it.c
2023-11-16 16:06:13,968 [INFO] CodeEngine:255 - oldGeneratedFile, E:\Install\Projects\EmbeddedC\STM32CubeIDEworkspace\Hello_World\Core\Inc\stm32f4xx_it.h_save
2023-11-16 16:06:14,047 [INFO] CodeEngine:279 - Generated code: E:\Install\Projects\EmbeddedC\STM32CubeIDEworkspace\Hello_World\Core\Inc\stm32f4xx_it.h
2023-11-16 16:06:14,074 [INFO] CodeEngine:255 - oldGeneratedFile, E:\Install\Projects\EmbeddedC\STM32CubeIDEworkspace\Hello_World\Core\Src\stm32f4xx_hal_msp.c_save
2023-11-16 16:06:14,193 [INFO] CodeEngine:279 - Generated code: E:\Install\Projects\EmbeddedC\STM32CubeIDEworkspace\Hello_World\Core\Src\stm32f4xx_hal_msp.c
2023-11-16 16:06:14,197 [INFO] CodeEngine:255 - oldGeneratedFile, E:\Install\Projects\EmbeddedC\STM32CubeIDEworkspace\Hello_World\MXTmpFiles\system.tmp_save
2023-11-16 16:06:14,259 [INFO] CodeEngine:279 - Generated code: E:\Install\Projects\EmbeddedC\STM32CubeIDEworkspace\Hello_World\MXTmpFiles\system.tmp
2023-11-16 16:06:14,276 [INFO] CodeEngine:311 - oldGeneratedFile, E:\Install\Projects\EmbeddedC\STM32CubeIDEworkspace\Hello_World\Core\Inc\stm32f4xx_hal_conf.h_save
2023-11-16 16:06:14,364 [INFO] CodeEngine:335 - Generated code: E:\Install\Projects\EmbeddedC\STM32CubeIDEworkspace\Hello_World\Core\Inc\stm32f4xx_hal_conf.h
2023-11-16 16:06:14,423 [INFO] CodeEngine:255 - oldGeneratedFile, E:\Install\Projects\EmbeddedC\STM32CubeIDEworkspace\Hello_World\Core\Inc\main.h_save
2023-11-16 16:06:14,508 [INFO] CodeEngine:279 - Generated code: E:\Install\Projects\EmbeddedC\STM32CubeIDEworkspace\Hello_World\Core\Inc\main.h
2023-11-16 16:06:14,521 [INFO] CodeEngine:255 - oldGeneratedFile, E:\Install\Projects\EmbeddedC\STM32CubeIDEworkspace\Hello_World\Core\Src\main.c_save
2023-11-16 16:06:14,648 [INFO] CodeEngine:279 - Generated code: E:\Install\Projects\EmbeddedC\STM32CubeIDEworkspace\Hello_World\Core\Src\main.c
2023-11-16 16:06:15,171 [INFO] ProjectBuilder:3064 - Time for Copy HAL[1] : 222mS.
2023-11-16 16:06:15,175 [INFO] ProjectBuilder:4404 - Project Generator version: 4.1.0
2023-11-16 16:06:15,454 [INFO] ConfigFileManager:1457 - The Die is : DIE431
2023-11-16 16:06:15,466 [INFO] ApiDbMcu:507 - Load IP Config File for FATFS
2023-11-16 16:06:15,482 [INFO] ApiDbMcu:507 - Load IP Config File for FREERTOS
2023-11-16 16:06:15,484 [INFO] ApiDbMcu:507 - Load IP Config File for LIBJPEG
2023-11-16 16:06:15,492 [INFO] ApiDbMcu:507 - Load IP Config File for MBEDTLS
2023-11-16 16:06:15,509 [INFO] ApiDbMcu:507 - Load IP Config File for USB_DEVICE
2023-11-16 16:06:16,286 [INFO] LogOutputStream:77 - [STDOUT_REDIRECT] 
2023-11-16 16:06:17,483 [INFO] ProjectBuilder:4626 - Time for Generating toolchain IDE Files: 2308mS.
2023-11-16 16:06:17,484 [INFO] ProjectBuilder:2935 - Time for Copy CMSIS : 1mS.
2023-11-16 16:06:17,485 [INFO] ProjectBuilder:2935 - Time for Copy CMSIS : 0mS.
2023-11-16 16:07:26,174 [ERROR] LogOutputStream:75 - [STDERR_REDIRECT] 
